<?xml version="1.0" encoding="UTF-8"?>
<testng-results ignored="0" total="1" passed="1" failed="0" skipped="0">
  <reporter-output>
  </reporter-output>
  <suite started-at="2023-07-25T23:27:30 IST" name="Default suite" finished-at="2023-07-25T23:27:36 IST" duration-ms="6290">
    <groups>
    </groups>
    <test started-at="2023-07-25T23:27:30 IST" name="Default test" finished-at="2023-07-25T23:27:36 IST" duration-ms="6290">
      <class name="xyz.manager.addcustomer.test.ValidateAddCustomer">
        <test-method is-config="true" signature="OpenBrowser()[pri:0, instance:xyz.manager.addcustomer.test.ValidateAddCustomer@2b71e916]" started-at="2023-07-25T23:27:30 IST" name="OpenBrowser" finished-at="2023-07-25T23:27:33 IST" duration-ms="3395" status="PASS">
          <reporter-output>
          </reporter-output>
        </test-method> <!-- OpenBrowser -->
        <test-method signature="validate_add_customer_functionality()[pri:0, instance:xyz.manager.addcustomer.test.ValidateAddCustomer@2b71e916]" started-at="2023-07-25T23:27:33 IST" name="validate_add_customer_functionality" description="Verify Add Customer Functionality" finished-at="2023-07-25T23:27:36 IST" duration-ms="2774" status="PASS">
          <reporter-output>
          </reporter-output>
        </test-method> <!-- validate_add_customer_functionality -->
        <test-method is-config="true" signature="CloseBrowser()[pri:0, instance:xyz.manager.addcustomer.test.ValidateAddCustomer@2b71e916]" started-at="2023-07-25T23:27:36 IST" name="CloseBrowser" finished-at="2023-07-25T23:27:36 IST" duration-ms="87" status="PASS">
          <reporter-output>
          </reporter-output>
        </test-method> <!-- CloseBrowser -->
      </class> <!-- xyz.manager.addcustomer.test.ValidateAddCustomer -->
    </test> <!-- Default test -->
  </suite> <!-- Default suite -->
</testng-results>
